Build started 12/1/2016 1:52:16 PM.
     1>Project "F:\Thesis\thesis_project\haar_detection\haar_detection\haar_detection.vcxproj" on node 2 (Build target(s)).
     1>C:\Program Files (x86)\MSBuild\Microsoft.Cpp\v4.0\V120\Microsoft.CppBuild.targets(388,5): warning MSB8028: The intermediate directory (Debug\) contains files shared from another project (haar_detection(1).vcxproj).  This can lead to incorrect clean and rebuild behavior.
     1>ClCompile:
         C:\Program Files (x86)\Microsoft Visual Studio 12.0\VC\bin\CL.exe /c /IC:\opencv\build\\include /ZI /nologo /W3 /WX- /sdl /Od /Oy- /D WIN32 /D _DEBUG /D _CONSOLE /D _LIB /D _UNICODE /D UNICODE /Gm /EHsc /RTC1 /MDd /GS /fp:precise /Zc:wchar_t /Zc:forScope /Fo"Debug\\" /Fd"Debug\vc120.pdb" /Gd /TP /analyze- /errorReport:prompt main.cpp
         main.cpp
     1>f:\thesis\thesis_project\haar_detection\haar_detection\main.cpp(106): warning C4244: 'argument' : conversion from 'int' to 'float', possible loss of data
     1>f:\thesis\thesis_project\haar_detection\haar_detection\main.cpp(107): warning C4244: 'argument' : conversion from 'int' to 'float', possible loss of data
     1>f:\thesis\thesis_project\haar_detection\haar_detection\main.cpp(139): warning C4018: '<' : signed/unsigned mismatch
     1>f:\thesis\thesis_project\haar_detection\haar_detection\main.cpp(143): warning C4244: '=' : conversion from 'double' to 'int', possible loss of data
     1>f:\thesis\thesis_project\haar_detection\haar_detection\main.cpp(180): warning C4244: 'argument' : conversion from 'double' to 'int', possible loss of data
       Link:
         C:\Program Files (x86)\Microsoft Visual Studio 12.0\VC\bin\link.exe /ERRORREPORT:PROMPT /OUT:"F:\Thesis\thesis_project\haar_detection\Debug\haar_detection.exe" /INCREMENTAL /NOLOGO /LIBPATH:C:\opencv\build\\x64\vc12\lib opencv_world310d.lib opencv_world310.lib kernel32.lib user32.lib gdi32.lib winspool.lib comdlg32.lib advapi32.lib shell32.lib ole32.lib oleaut32.lib uuid.lib odbc32.lib odbccp32.lib /MANIFEST /MANIFESTUAC:"level='asInvoker' uiAccess='false'" /manifest:embed /DEBUG /PDB:"F:\Thesis\thesis_project\haar_detection\Debug\haar_detection.pdb" /SUBSYSTEM:CONSOLE /TLBID:1 /DYNAMICBASE /NXCOMPAT /IMPLIB:"F:\Thesis\thesis_project\haar_detection\Debug\haar_detection.lib" /MACHINE:X86 Debug\main.obj
     1>opencv_world310d.lib(opencv_world310d.dll) : fatal error LNK1112: module machine type 'x64' conflicts with target machine type 'X86'
     1>Done Building Project "F:\Thesis\thesis_project\haar_detection\haar_detection\haar_detection.vcxproj" (Build target(s)) -- FAILED.

Build FAILED.

Time Elapsed 00:00:08.75
